<?xml version="1.0" encoding="UTF-8"?>
<!-- Generated by org.testng.reporters.JUnitReportReporter -->
<testsuite skipped="0" hostname="DESKTOP-TIVI9NL" name="com.charmhealth.testcases.LoginTestCharmHealth" tests="1" failures="0" timestamp="13 Jun 2020 16:59:02 GMT" time="9.457" errors="0">
  <testcase name="loginApp" time="9.457" classname="com.charmhealth.testcases.LoginTestCharmHealth"/>
</testsuite> <!-- com.charmhealth.testcases.LoginTestCharmHealth -->
